\BOOKMARK [1][-]{section.1}{Introduction/Background}{}% 1
\BOOKMARK [2][-]{subsection.1.1}{The Problem of Agricultural Risk}{section.1}% 2
\BOOKMARK [2][-]{subsection.1.2}{A Proposed Solution: Index Insurance}{section.1}% 3
\BOOKMARK [2][-]{subsection.1.3}{Index Insurance in Practice}{section.1}% 4
\BOOKMARK [2][-]{subsection.1.4}{Literature Review}{section.1}% 5
\BOOKMARK [3][-]{subsubsection.1.4.1}{Index Insurance Literature}{subsection.1.4}% 6
\BOOKMARK [3][-]{subsubsection.1.4.2}{Optimization Literature}{subsection.1.4}% 7
\BOOKMARK [2][-]{subsection.1.5}{Project Overview}{section.1}% 8
\BOOKMARK [1][-]{section.2}{Optimization Approach}{}% 9
\BOOKMARK [2][-]{subsection.2.1}{Index Insurance: Definition and Parameters}{section.2}% 10
\BOOKMARK [2][-]{subsection.2.2}{Risk Measures}{section.2}% 11
\BOOKMARK [2][-]{subsection.2.3}{Idealized CVaR Model}{section.2}% 12
\BOOKMARK [2][-]{subsection.2.4}{Convex Approximations}{section.2}% 13
\BOOKMARK [2][-]{subsection.2.5}{Model Parameters}{section.2}% 14
\BOOKMARK [2][-]{subsection.2.6}{Multiple Zone Model}{section.2}% 15
\BOOKMARK [2][-]{subsection.2.7}{LP Reformulation}{section.2}% 16
\BOOKMARK [1][-]{section.3}{Evaluation}{}% 17
\BOOKMARK [2][-]{subsection.3.1}{Baseline Method}{section.3}% 18
\BOOKMARK [2][-]{subsection.3.2}{Synthetic Data Evaluation}{section.3}% 19
\BOOKMARK [3][-]{subsubsection.3.2.1}{Setup}{subsection.3.2}% 20
\BOOKMARK [3][-]{subsubsection.3.2.2}{Evaluation Procedure}{subsection.3.2}% 21
\BOOKMARK [3][-]{subsubsection.3.2.3}{Results}{subsection.3.2}% 22
\BOOKMARK [2][-]{subsection.3.3}{Kenya Data Evaluation}{section.3}% 23
\BOOKMARK [3][-]{subsubsection.3.3.1}{Data Sources}{subsection.3.3}% 24
\BOOKMARK [3][-]{subsubsection.3.3.2}{Data Creation}{subsection.3.3}% 25
\BOOKMARK [3][-]{subsubsection.3.3.3}{Evaluation Procedure}{subsection.3.3}% 26
\BOOKMARK [3][-]{subsubsection.3.3.4}{Results}{subsection.3.3}% 27
\BOOKMARK [1][-]{section.4}{Conclusion and Next Steps}{}% 28
